{"C:\\Users\\020374631\\Projects\\school-system\\helpers\\message-helper.js": {"path":"C:\\Users\\020374631\\Projects\\school-system\\helpers\\message-helper.js","statementMap":{"0":{"start":{"line":1,"column":23},"end":{"line":1,"column":38}},"1":{"start":{"line":2,"column":22},"end":{"line":2,"column":36}},"2":{"start":{"line":3,"column":20},"end":{"line":3,"column":32}},"3":{"start":{"line":5,"column":14},"end":{"line":5,"column":37}},"4":{"start":{"line":9,"column":4},"end":{"line":14,"column":7}},"5":{"start":{"line":10,"column":20},"end":{"line":10,"column":35}},"6":{"start":{"line":11,"column":8},"end":{"line":13,"column":9}},"7":{"start":{"line":12,"column":12},"end":{"line":12,"column":53}},"8":{"start":{"line":15,"column":4},"end":{"line":15,"column":19}}},"fnMap":{"0":{"name":"getMessage","decl":{"start":{"line":7,"column":16},"end":{"line":7,"column":26}},"loc":{"start":{"line":7,"column":32},"end":{"line":16,"column":1}},"line":7},"1":{"name":"(anonymous_1)","decl":{"start":{"line":9,"column":18},"end":{"line":9,"column":19}},"loc":{"start":{"line":9,"column":26},"end":{"line":14,"column":5}},"line":9}},"branchMap":{"0":{"loc":{"start":{"line":11,"column":8},"end":{"line":13,"column":9}},"type":"if","locations":[{"start":{"line":11,"column":8},"end":{"line":13,"column":9}},{"start":{},"end":{}}],"line":11},"1":{"loc":{"start":{"line":11,"column":12},"end":{"line":11,"column":52}},"type":"binary-expr","locations":[{"start":{"line":11,"column":12},"end":{"line":11,"column":32}},{"start":{"line":11,"column":36},"end":{"line":11,"column":52}}],"line":11}},"s":{"0":2,"1":2,"2":2,"3":2,"4":2,"5":6,"6":6,"7":1,"8":2},"f":{"0":2,"1":6},"b":{"0":[1,5],"1":[6,6]},"inputSourceMap":null,"_coverageSchema":"1a1c01bbd47fc00a2c39e90264f33305004495a9","hash":"3cec472c06720e8a6104a7c72639f5610d762b01"}
,"C:\\Users\\020374631\\Projects\\school-system\\routes\\aluno.js": {"path":"C:\\Users\\020374631\\Projects\\school-system\\routes\\aluno.js","statementMap":{"0":{"start":{"line":7,"column":15},"end":{"line":7,"column":25}},"1":{"start":{"line":9,"column":0},"end":{"line":14,"column":3}},"2":{"start":{"line":10,"column":4},"end":{"line":13,"column":7}},"3":{"start":{"line":11,"column":8},"end":{"line":11,"column":53}},"4":{"start":{"line":11,"column":37},"end":{"line":11,"column":51}},"5":{"start":{"line":12,"column":8},"end":{"line":12,"column":85}},"6":{"start":{"line":16,"column":0},"end":{"line":21,"column":3}},"7":{"start":{"line":17,"column":4},"end":{"line":20,"column":7}},"8":{"start":{"line":18,"column":8},"end":{"line":18,"column":53}},"9":{"start":{"line":18,"column":37},"end":{"line":18,"column":51}},"10":{"start":{"line":19,"column":8},"end":{"line":19,"column":59}},"11":{"start":{"line":23,"column":0},"end":{"line":33,"column":3}},"12":{"start":{"line":24,"column":4},"end":{"line":32,"column":7}},"13":{"start":{"line":27,"column":8},"end":{"line":31,"column":11}},"14":{"start":{"line":28,"column":12},"end":{"line":28,"column":57}},"15":{"start":{"line":28,"column":41},"end":{"line":28,"column":55}},"16":{"start":{"line":29,"column":12},"end":{"line":29,"column":55}},"17":{"start":{"line":29,"column":40},"end":{"line":29,"column":53}},"18":{"start":{"line":30,"column":12},"end":{"line":30,"column":79}},"19":{"start":{"line":35,"column":0},"end":{"line":44,"column":3}},"20":{"start":{"line":36,"column":4},"end":{"line":43,"column":87}},"21":{"start":{"line":41,"column":8},"end":{"line":41,"column":59}},"22":{"start":{"line":42,"column":8},"end":{"line":42,"column":31}},"23":{"start":{"line":43,"column":24},"end":{"line":43,"column":85}},"24":{"start":{"line":46,"column":0},"end":{"line":59,"column":3}},"25":{"start":{"line":47,"column":4},"end":{"line":58,"column":72}},"26":{"start":{"line":56,"column":8},"end":{"line":56,"column":56}},"27":{"start":{"line":57,"column":8},"end":{"line":57,"column":31}},"28":{"start":{"line":58,"column":24},"end":{"line":58,"column":70}},"29":{"start":{"line":61,"column":0},"end":{"line":68,"column":3}},"30":{"start":{"line":62,"column":4},"end":{"line":67,"column":71}},"31":{"start":{"line":65,"column":8},"end":{"line":65,"column":53}},"32":{"start":{"line":66,"column":8},"end":{"line":66,"column":31}},"33":{"start":{"line":67,"column":24},"end":{"line":67,"column":69}},"34":{"start":{"line":70,"column":27},"end":{"line":70,"column":33}}},"fnMap":{"0":{"name":"(anonymous_0)","decl":{"start":{"line":9,"column":16},"end":{"line":9,"column":17}},"loc":{"start":{"line":9,"column":30},"end":{"line":14,"column":1}},"line":9},"1":{"name":"(anonymous_1)","decl":{"start":{"line":10,"column":25},"end":{"line":10,"column":26}},"loc":{"start":{"line":10,"column":37},"end":{"line":13,"column":5}},"line":10},"2":{"name":"(anonymous_2)","decl":{"start":{"line":11,"column":28},"end":{"line":11,"column":29}},"loc":{"start":{"line":11,"column":37},"end":{"line":11,"column":51}},"line":11},"3":{"name":"(anonymous_3)","decl":{"start":{"line":16,"column":20},"end":{"line":16,"column":21}},"loc":{"start":{"line":16,"column":34},"end":{"line":21,"column":1}},"line":16},"4":{"name":"(anonymous_4)","decl":{"start":{"line":17,"column":25},"end":{"line":17,"column":26}},"loc":{"start":{"line":17,"column":37},"end":{"line":20,"column":5}},"line":17},"5":{"name":"(anonymous_5)","decl":{"start":{"line":18,"column":28},"end":{"line":18,"column":29}},"loc":{"start":{"line":18,"column":37},"end":{"line":18,"column":51}},"line":18},"6":{"name":"(anonymous_6)","decl":{"start":{"line":23,"column":24},"end":{"line":23,"column":25}},"loc":{"start":{"line":23,"column":38},"end":{"line":33,"column":1}},"line":23},"7":{"name":"(anonymous_7)","decl":{"start":{"line":26,"column":12},"end":{"line":26,"column":13}},"loc":{"start":{"line":26,"column":24},"end":{"line":32,"column":5}},"line":26},"8":{"name":"(anonymous_8)","decl":{"start":{"line":27,"column":29},"end":{"line":27,"column":30}},"loc":{"start":{"line":27,"column":41},"end":{"line":31,"column":9}},"line":27},"9":{"name":"(anonymous_9)","decl":{"start":{"line":28,"column":32},"end":{"line":28,"column":33}},"loc":{"start":{"line":28,"column":41},"end":{"line":28,"column":55}},"line":28},"10":{"name":"(anonymous_10)","decl":{"start":{"line":29,"column":32},"end":{"line":29,"column":33}},"loc":{"start":{"line":29,"column":40},"end":{"line":29,"column":53}},"line":29},"11":{"name":"(anonymous_11)","decl":{"start":{"line":35,"column":21},"end":{"line":35,"column":22}},"loc":{"start":{"line":35,"column":35},"end":{"line":44,"column":1}},"line":35},"12":{"name":"(anonymous_12)","decl":{"start":{"line":40,"column":12},"end":{"line":40,"column":13}},"loc":{"start":{"line":40,"column":18},"end":{"line":43,"column":5}},"line":40},"13":{"name":"(anonymous_13)","decl":{"start":{"line":43,"column":13},"end":{"line":43,"column":14}},"loc":{"start":{"line":43,"column":24},"end":{"line":43,"column":85}},"line":43},"14":{"name":"(anonymous_14)","decl":{"start":{"line":46,"column":25},"end":{"line":46,"column":26}},"loc":{"start":{"line":46,"column":39},"end":{"line":59,"column":1}},"line":46},"15":{"name":"(anonymous_15)","decl":{"start":{"line":55,"column":11},"end":{"line":55,"column":12}},"loc":{"start":{"line":55,"column":17},"end":{"line":58,"column":5}},"line":55},"16":{"name":"(anonymous_16)","decl":{"start":{"line":58,"column":13},"end":{"line":58,"column":14}},"loc":{"start":{"line":58,"column":24},"end":{"line":58,"column":70}},"line":58},"17":{"name":"(anonymous_17)","decl":{"start":{"line":61,"column":29},"end":{"line":61,"column":30}},"loc":{"start":{"line":61,"column":43},"end":{"line":68,"column":1}},"line":61},"18":{"name":"(anonymous_18)","decl":{"start":{"line":64,"column":12},"end":{"line":64,"column":13}},"loc":{"start":{"line":64,"column":18},"end":{"line":67,"column":5}},"line":64},"19":{"name":"(anonymous_19)","decl":{"start":{"line":67,"column":13},"end":{"line":67,"column":14}},"loc":{"start":{"line":67,"column":24},"end":{"line":67,"column":69}},"line":67}},"branchMap":{},"s":{"0":1,"1":1,"2":1,"3":1,"4":1,"5":1,"6":1,"7":1,"8":1,"9":1,"10":1,"11":1,"12":0,"13":0,"14":0,"15":0,"16":0,"17":0,"18":0,"19":1,"20":1,"21":1,"22":1,"23":0,"24":1,"25":1,"26":1,"27":1,"28":0,"29":1,"30":1,"31":1,"32":1,"33":0,"34":1},"f":{"0":1,"1":1,"2":1,"3":1,"4":1,"5":1,"6":0,"7":0,"8":0,"9":0,"10":0,"11":1,"12":1,"13":0,"14":1,"15":1,"16":0,"17":1,"18":1,"19":0},"b":{},"inputSourceMap":null,"_coverageSchema":"1a1c01bbd47fc00a2c39e90264f33305004495a9","hash":"23912afdbabf40528bb7cc74d6b988eb5a9069fa"}
,"C:\\Users\\020374631\\Projects\\school-system\\routes\\turma.js": {"path":"C:\\Users\\020374631\\Projects\\school-system\\routes\\turma.js","statementMap":{"0":{"start":{"line":6,"column":15},"end":{"line":6,"column":25}},"1":{"start":{"line":8,"column":0},"end":{"line":13,"column":3}},"2":{"start":{"line":9,"column":4},"end":{"line":12,"column":7}},"3":{"start":{"line":10,"column":8},"end":{"line":10,"column":53}},"4":{"start":{"line":10,"column":37},"end":{"line":10,"column":51}},"5":{"start":{"line":11,"column":8},"end":{"line":11,"column":85}},"6":{"start":{"line":15,"column":0},"end":{"line":15,"column":66}},"7":{"start":{"line":15,"column":34},"end":{"line":15,"column":64}},"8":{"start":{"line":17,"column":0},"end":{"line":24,"column":3}},"9":{"start":{"line":18,"column":4},"end":{"line":23,"column":7}},"10":{"start":{"line":21,"column":8},"end":{"line":21,"column":51}},"11":{"start":{"line":21,"column":36},"end":{"line":21,"column":49}},"12":{"start":{"line":22,"column":8},"end":{"line":22,"column":59}},"13":{"start":{"line":26,"column":0},"end":{"line":33,"column":3}},"14":{"start":{"line":27,"column":4},"end":{"line":32,"column":87}},"15":{"start":{"line":30,"column":8},"end":{"line":30,"column":59}},"16":{"start":{"line":31,"column":8},"end":{"line":31,"column":31}},"17":{"start":{"line":32,"column":24},"end":{"line":32,"column":85}},"18":{"start":{"line":35,"column":0},"end":{"line":44,"column":3}},"19":{"start":{"line":36,"column":4},"end":{"line":43,"column":72}},"20":{"start":{"line":41,"column":8},"end":{"line":41,"column":56}},"21":{"start":{"line":42,"column":8},"end":{"line":42,"column":31}},"22":{"start":{"line":43,"column":24},"end":{"line":43,"column":70}},"23":{"start":{"line":46,"column":0},"end":{"line":53,"column":3}},"24":{"start":{"line":47,"column":4},"end":{"line":52,"column":71}},"25":{"start":{"line":50,"column":8},"end":{"line":50,"column":53}},"26":{"start":{"line":51,"column":8},"end":{"line":51,"column":31}},"27":{"start":{"line":52,"column":24},"end":{"line":52,"column":69}},"28":{"start":{"line":55,"column":27},"end":{"line":55,"column":33}}},"fnMap":{"0":{"name":"(anonymous_0)","decl":{"start":{"line":8,"column":16},"end":{"line":8,"column":17}},"loc":{"start":{"line":8,"column":30},"end":{"line":13,"column":1}},"line":8},"1":{"name":"(anonymous_1)","decl":{"start":{"line":9,"column":25},"end":{"line":9,"column":26}},"loc":{"start":{"line":9,"column":37},"end":{"line":12,"column":5}},"line":9},"2":{"name":"(anonymous_2)","decl":{"start":{"line":10,"column":28},"end":{"line":10,"column":29}},"loc":{"start":{"line":10,"column":37},"end":{"line":10,"column":51}},"line":10},"3":{"name":"(anonymous_3)","decl":{"start":{"line":15,"column":20},"end":{"line":15,"column":21}},"loc":{"start":{"line":15,"column":34},"end":{"line":15,"column":64}},"line":15},"4":{"name":"(anonymous_4)","decl":{"start":{"line":17,"column":24},"end":{"line":17,"column":25}},"loc":{"start":{"line":17,"column":38},"end":{"line":24,"column":1}},"line":17},"5":{"name":"(anonymous_5)","decl":{"start":{"line":20,"column":12},"end":{"line":20,"column":13}},"loc":{"start":{"line":20,"column":24},"end":{"line":23,"column":5}},"line":20},"6":{"name":"(anonymous_6)","decl":{"start":{"line":21,"column":28},"end":{"line":21,"column":29}},"loc":{"start":{"line":21,"column":36},"end":{"line":21,"column":49}},"line":21},"7":{"name":"(anonymous_7)","decl":{"start":{"line":26,"column":21},"end":{"line":26,"column":22}},"loc":{"start":{"line":26,"column":35},"end":{"line":33,"column":1}},"line":26},"8":{"name":"(anonymous_8)","decl":{"start":{"line":29,"column":12},"end":{"line":29,"column":13}},"loc":{"start":{"line":29,"column":18},"end":{"line":32,"column":5}},"line":29},"9":{"name":"(anonymous_9)","decl":{"start":{"line":32,"column":13},"end":{"line":32,"column":14}},"loc":{"start":{"line":32,"column":24},"end":{"line":32,"column":85}},"line":32},"10":{"name":"(anonymous_10)","decl":{"start":{"line":35,"column":25},"end":{"line":35,"column":26}},"loc":{"start":{"line":35,"column":39},"end":{"line":44,"column":1}},"line":35},"11":{"name":"(anonymous_11)","decl":{"start":{"line":40,"column":11},"end":{"line":40,"column":12}},"loc":{"start":{"line":40,"column":17},"end":{"line":43,"column":5}},"line":40},"12":{"name":"(anonymous_12)","decl":{"start":{"line":43,"column":13},"end":{"line":43,"column":14}},"loc":{"start":{"line":43,"column":24},"end":{"line":43,"column":70}},"line":43},"13":{"name":"(anonymous_13)","decl":{"start":{"line":46,"column":29},"end":{"line":46,"column":30}},"loc":{"start":{"line":46,"column":43},"end":{"line":53,"column":1}},"line":46},"14":{"name":"(anonymous_14)","decl":{"start":{"line":49,"column":12},"end":{"line":49,"column":13}},"loc":{"start":{"line":49,"column":18},"end":{"line":52,"column":5}},"line":49},"15":{"name":"(anonymous_15)","decl":{"start":{"line":52,"column":13},"end":{"line":52,"column":14}},"loc":{"start":{"line":52,"column":24},"end":{"line":52,"column":69}},"line":52}},"branchMap":{},"s":{"0":1,"1":1,"2":1,"3":1,"4":1,"5":1,"6":1,"7":1,"8":1,"9":1,"10":1,"11":1,"12":1,"13":1,"14":1,"15":1,"16":1,"17":0,"18":1,"19":1,"20":1,"21":1,"22":0,"23":1,"24":1,"25":1,"26":1,"27":0,"28":1},"f":{"0":1,"1":1,"2":1,"3":1,"4":1,"5":1,"6":1,"7":1,"8":1,"9":0,"10":1,"11":1,"12":0,"13":1,"14":1,"15":0},"b":{},"inputSourceMap":null,"_coverageSchema":"1a1c01bbd47fc00a2c39e90264f33305004495a9","hash":"33c55d3d20bba3614d932a86fe3644782665e991"}
}
