TN:
SF:helpers\message-helper.js
FN:7,getMessage
FN:9,(anonymous_1)
FNF:2
FNH:2
FNDA:2,getMessage
FNDA:6,(anonymous_1)
DA:1,2
DA:2,2
DA:3,2
DA:5,2
DA:9,2
DA:10,6
DA:11,6
DA:12,1
DA:15,2
LF:9
LH:9
BRDA:11,0,0,1
BRDA:11,0,1,5
BRDA:11,1,0,6
BRDA:11,1,1,6
BRF:4
BRH:4
end_of_record
TN:
SF:routes\aluno.js
FN:9,(anonymous_0)
FN:10,(anonymous_1)
FN:11,(anonymous_2)
FN:16,(anonymous_3)
FN:17,(anonymous_4)
FN:18,(anonymous_5)
FN:23,(anonymous_6)
FN:26,(anonymous_7)
FN:27,(anonymous_8)
FN:28,(anonymous_9)
FN:29,(anonymous_10)
FN:35,(anonymous_11)
FN:40,(anonymous_12)
FN:43,(anonymous_13)
FN:46,(anonymous_14)
FN:55,(anonymous_15)
FN:58,(anonymous_16)
FN:61,(anonymous_17)
FN:64,(anonymous_18)
FN:67,(anonymous_19)
FNF:20
FNH:12
FNDA:1,(anonymous_0)
FNDA:1,(anonymous_1)
FNDA:1,(anonymous_2)
FNDA:1,(anonymous_3)
FNDA:1,(anonymous_4)
FNDA:1,(anonymous_5)
FNDA:0,(anonymous_6)
FNDA:0,(anonymous_7)
FNDA:0,(anonymous_8)
FNDA:0,(anonymous_9)
FNDA:0,(anonymous_10)
FNDA:1,(anonymous_11)
FNDA:1,(anonymous_12)
FNDA:0,(anonymous_13)
FNDA:1,(anonymous_14)
FNDA:1,(anonymous_15)
FNDA:0,(anonymous_16)
FNDA:1,(anonymous_17)
FNDA:1,(anonymous_18)
FNDA:0,(anonymous_19)
DA:7,1
DA:9,1
DA:10,1
DA:11,1
DA:12,1
DA:16,1
DA:17,1
DA:18,1
DA:19,1
DA:23,1
DA:24,0
DA:27,0
DA:28,0
DA:29,0
DA:30,0
DA:35,1
DA:36,1
DA:41,1
DA:42,1
DA:43,0
DA:46,1
DA:47,1
DA:56,1
DA:57,1
DA:58,0
DA:61,1
DA:62,1
DA:65,1
DA:66,1
DA:67,0
DA:70,1
LF:31
LH:23
BRF:0
BRH:0
end_of_record
TN:
SF:routes\turma.js
FN:8,(anonymous_0)
FN:9,(anonymous_1)
FN:10,(anonymous_2)
FN:15,(anonymous_3)
FN:17,(anonymous_4)
FN:20,(anonymous_5)
FN:21,(anonymous_6)
FN:26,(anonymous_7)
FN:29,(anonymous_8)
FN:32,(anonymous_9)
FN:35,(anonymous_10)
FN:40,(anonymous_11)
FN:43,(anonymous_12)
FN:46,(anonymous_13)
FN:49,(anonymous_14)
FN:52,(anonymous_15)
FNF:16
FNH:13
FNDA:1,(anonymous_0)
FNDA:1,(anonymous_1)
FNDA:1,(anonymous_2)
FNDA:1,(anonymous_3)
FNDA:1,(anonymous_4)
FNDA:1,(anonymous_5)
FNDA:1,(anonymous_6)
FNDA:1,(anonymous_7)
FNDA:1,(anonymous_8)
FNDA:0,(anonymous_9)
FNDA:1,(anonymous_10)
FNDA:1,(anonymous_11)
FNDA:0,(anonymous_12)
FNDA:1,(anonymous_13)
FNDA:1,(anonymous_14)
FNDA:0,(anonymous_15)
DA:6,1
DA:8,1
DA:9,1
DA:10,1
DA:11,1
DA:15,1
DA:17,1
DA:18,1
DA:21,1
DA:22,1
DA:26,1
DA:27,1
DA:30,1
DA:31,1
DA:32,0
DA:35,1
DA:36,1
DA:41,1
DA:42,1
DA:43,0
DA:46,1
DA:47,1
DA:50,1
DA:51,1
DA:52,0
DA:55,1
LF:26
LH:23
BRF:0
BRH:0
end_of_record
